<?xml version="1.0" encoding="UTF-8"?>
<!-- Generated by org.testng.reporters.JUnitXMLReporter -->
<testsuite hostname="MKP019" ignored="0" name="Galaxy J5" tests="1" failures="0" timestamp="22 out 2018 20:52:32 GMT" time="1.301" errors="0">
  <testcase name="@BeforeClass setUp" time="1.25" classname="br.com.tiago.test.BaseTest">
    <failure type="org.openqa.selenium.WebDriverException" message="It is impossible to create a new session because &amp;apos;createSession&amp;apos; which takes HttpClient, InputStream and long was not found or it is not accessible
Build info: version: &amp;apos;3.12.0&amp;apos;, revision: &amp;apos;7c6e0b3&amp;apos;, time: &amp;apos;2018-05-08T14:04:26.12Z&amp;apos;
System info: host: &amp;apos;MKP019&amp;apos;, ip: &amp;apos;192.168.3.2&amp;apos;, os.name: &amp;apos;Windows 10&amp;apos;, os.arch: &amp;apos;amd64&amp;apos;, os.version: &amp;apos;10.0&amp;apos;, java.version: &amp;apos;1.8.0_144&amp;apos;
Driver info: driver.version: AndroidDriver">
      <![CDATA[org.openqa.selenium.WebDriverException: It is impossible to create a new session because 'createSession' which takes HttpClient, InputStream and long was not found or it is not accessible
Build info: version: '3.12.0', revision: '7c6e0b3', time: '2018-05-08T14:04:26.12Z'
System info: host: 'MKP019', ip: '192.168.3.2', os.name: 'Windows 10', os.arch: 'amd64', os.version: '10.0', java.version: '1.8.0_144'
Driver info: driver.version: AndroidDriver
at io.appium.java_client.remote.AppiumCommandExecutor$1.createSession(AppiumCommandExecutor.java:195)
at io.appium.java_client.remote.AppiumCommandExecutor.createSession(AppiumCommandExecutor.java:209)
at io.appium.java_client.remote.AppiumCommandExecutor.execute(AppiumCommandExecutor.java:231)
at org.openqa.selenium.remote.RemoteWebDriver.execute(RemoteWebDriver.java:543)
at io.appium.java_client.DefaultGenericMobileDriver.execute(DefaultGenericMobileDriver.java:42)
at io.appium.java_client.AppiumDriver.execute(AppiumDriver.java:1)
at io.appium.java_client.android.AndroidDriver.execute(AndroidDriver.java:1)
at org.openqa.selenium.remote.RemoteWebDriver.startSession(RemoteWebDriver.java:207)
at org.openqa.selenium.remote.RemoteWebDriver.<init>(RemoteWebDriver.java:130)
at io.appium.java_client.DefaultGenericMobileDriver.<init>(DefaultGenericMobileDriver.java:38)
at io.appium.java_client.AppiumDriver.<init>(AppiumDriver.java:84)
at io.appium.java_client.AppiumDriver.<init>(AppiumDriver.java:94)
at io.appium.java_client.android.AndroidDriver.<init>(AndroidDriver.java:93)
at br.com.tiago.config.DeviceConfig.androidCapabilities(DeviceConfig.java:30)
at br.com.tiago.test.BaseTest.setUp(BaseTest.java:18)
at java.util.concurrent.FutureTask.run(Unknown Source)
at java.util.concurrent.ThreadPoolExecutor.runWorker(Unknown Source)
at java.util.concurrent.ThreadPoolExecutor$Worker.run(Unknown Source)
at java.lang.Thread.run(Unknown Source)
at io.appium.java_client.remote.AppiumCommandExecutor$1.createSession(AppiumCommandExecutor.java:185)
... 35 more
Caused by: org.openqa.selenium.InvalidArgumentException: 'systemPort' must be of type number
Build info: version: '3.12.0', revision: '7c6e0b3', time: '2018-05-08T14:04:26.12Z'
System info: host: 'MKP019', ip: '192.168.3.2', os.name: 'Windows 10', os.arch: 'amd64', os.version: '10.0', java.version: '1.8.0_144'
Driver info: driver.version: AndroidDriver
remote stacktrace: InvalidArgumentError: 'systemPort' must be of type number
    at validateCaps (C:\Program Files (x86)\Appium\resources\app\node_modules\appium-base-driver\lib\basedriver\capabilities.js:52:11)
    at parseCaps (C:\Program Files (x86)\Appium\resources\app\node_modules\appium-base-driver\lib\basedriver\capabilities.js:154:20)
    at processCapabilities (C:\Program Files (x86)\Appium\resources\app\node_modules\appium-base-driver\lib\basedriver\capabilities.js:197:43)
    at AndroidUiautomator2Driver.callee$0$0$ (C:\Program Files (x86)\Appium\resources\app\node_modules\appium-base-driver\lib\basedriver\commands\session.js:36:14)
    at tryCatch (C:\Program Files (x86)\Appium\resources\app\node_modules\appium-base-driver\node_modules\babel-runtime\regenerator\runtime.js:67:40)
    at GeneratorFunctionPrototype.invoke [as _invoke] (C:\Program Files (x86)\Appium\resources\app\node_modules\appium-base-driver\node_modules\babel-runtime\regenerator\runtime.js:315:22)
    at GeneratorFunctionPrototype.prototype.(anonymous function) [as next] (C:\Program Files (x86)\Appium\resources\app\node_modules\appium-base-driver\node_modules\babel-runtime\regenerator\runtime.js:100:21)
    at invoke (C:\Program Files (x86)\Appium\resources\app\node_modules\appium-base-driver\node_modules\babel-runtime\regenerator\runtime.js:136:37)
    at enqueueResult (C:\Program Files (x86)\Appium\resources\app\node_modules\appium-base-driver\node_modules\babel-runtime\regenerator\runtime.js:185:17)
    at new Promise (<anonymous>)
    at new F (C:\Program Files (x86)\Appium\resources\app\node_modules\appium-base-driver\node_modules\core-js\library\modules\$.export.js:30:36)
    at AsyncIterator.enqueue (C:\Program Files (x86)\Appium\resources\app\node_modules\appium-base-driver\node_modules\babel-runtime\regenerator\runtime.js:184:12)
    at AsyncIterator.prototype.(anonymous function) [as next] (C:\Program Files (x86)\Appium\resources\app\node_modules\appium-base-driver\node_modules\babel-runtime\regenerator\runtime.js:100:21)
    at Object.runtime.async (C:\Program Files (x86)\Appium\resources\app\node_modules\appium-base-driver\node_modules\babel-runtime\regenerator\runtime.js:209:12)
    at AndroidUiautomator2Driver.callee$0$0 [as createSession] (C:\Program Files (x86)\Appium\resources\app\node_modules\appium-base-driver\build\lib\basedriver\commands\session.js:35:30)
    at AndroidUiautomator2Driver.createSession$ (C:\Program Files (x86)\Appium\resources\app\node_modules\appium-uiautomator2-driver\lib\driver.js:101:32)
    at tryCatch (C:\Program Files (x86)\Appium\resources\app\node_modules\appium-uiautomator2-driver\node_modules\babel-runtime\regenerator\runtime.js:67:40)
    at GeneratorFunctionPrototype.invoke [as _invoke] (C:\Program Files (x86)\Appium\resources\app\node_modules\appium-uiautomator2-driver\node_modules\babel-runtime\regenerator\runtime.js:315:22)
    at GeneratorFunctionPrototype.prototype.(anonymous function) [as next] (C:\Program Files (x86)\Appium\resources\app\node_modules\appium-uiautomator2-driver\node_modules\babel-runtime\regenerator\runtime.js:100:21)
    at invoke (C:\Program Files (x86)\Appium\resources\app\node_modules\appium-uiautomator2-driver\node_modules\babel-runtime\regenerator\runtime.js:136:37)
    at enqueueResult (C:\Program Files (x86)\Appium\resources\app\node_modules\appium-uiautomator2-driver\node_modules\babel-runtime\regenerator\runtime.js:185:17)
    at new Promise (<anonymous>)
    at new F (C:\Program Files (x86)\Appium\resources\app\node_modules\appium-uiautomator2-driver\node_modules\core-js\library\modules\$.export.js:30:36)
    at AsyncIterator.enqueue (C:\Program Files (x86)\Appium\resources\app\node_modules\appium-uiautomator2-driver\node_modules\babel-runtime\regenerator\runtime.js:184:12)
    at AsyncIterator.prototype.(anonymous function) [as next] (C:\Program Files (x86)\Appium\resources\app\node_modules\appium-uiautomator2-driver\node_modules\babel-runtime\regenerator\runtime.js:100:21)
    at Object.runtime.async (C:\Program Files (x86)\Appium\resources\app\node_modules\appium-uiautomator2-driver\node_modules\babel-runtime\regenerator\runtime.js:209:12)
    at AndroidUiautomator2Driver.createSession (C:\Program Files (x86)\Appium\resources\app\node_modules\appium-uiautomator2-driver\build\lib\driver.js:145:34)
    at AppiumDriver.callee$2$0$ (C:\Program Files (x86)\Appium\resources\app\node_modules\appium\lib\appium.js:244:43)
    at tryCatch (C:\Program Files (x86)\Appium\resources\app\node_modules\appium\node_modules\babel-runtime\regenerator\runtime.js:67:40)
    at GeneratorFunctionPrototype.invoke [as _invoke] (C:\Program Files (x86)\Appium\resources\app\node_modules\appium\node_modules\babel-runtime\regenerator\runtime.js:315:22)
    at GeneratorFunctionPrototype.prototype.(anonymous function) [as next] (C:\Program Files (x86)\Appium\resources\app\node_modules\appium\node_modules\babel-runtime\regenerator\runtime.js:100:21)
    at GeneratorFunctionPrototype.invoke (C:\Program Files (x86)\Appium\resources\app\node_modules\appium\node_modules\babel-runtime\regenerator\runtime.js:136:37)
    at <anonymous>
    at process._tickCallback (internal/process/next_tick.js:188:7)
at org.openqa.selenium.remote.W3CHandshakeResponse.lambda$new$0(W3CHandshakeResponse.java:57)
at org.openqa.selenium.remote.W3CHandshakeResponse.lambda$getResponseFunction$2(W3CHandshakeResponse.java:104)
at org.openqa.selenium.remote.ProtocolHandshake.lambda$createSession$0(ProtocolHandshake.java:123)
at java.util.stream.ReferencePipeline$3$1.accept(Unknown Source)
at java.util.Spliterators$ArraySpliterator.tryAdvance(Unknown Source)
at java.util.stream.ReferencePipeline.forEachWithCancel(Unknown Source)
at java.util.stream.AbstractPipeline.copyIntoWithCancel(Unknown Source)
at java.util.stream.AbstractPipeline.copyInto(Unknown Source)
at java.util.stream.AbstractPipeline.wrapAndCopyInto(Unknown Source)
at java.util.stream.FindOps$FindOp.evaluateSequential(Unknown Source)
at java.util.stream.AbstractPipeline.evaluate(Unknown Source)
at java.util.stream.ReferencePipeline.findFirst(Unknown Source)
at org.openqa.selenium.remote.ProtocolHandshake.createSession(ProtocolHandshake.java:126)
... 40 more
... Removed 26 stack frames]]>
    </failure>
  </testcase> <!-- @BeforeClass setUp -->
  <testcase name="@AfterMethod tearDown" time="0.0" classname="br.com.tiago.test.BaseTest">
    <skipped/>
  </testcase> <!-- @AfterMethod tearDown -->
  <testcase name="justATest" time="0.0" classname="br.com.tiago.test.SmokeTest">
    <skipped/>
  </testcase> <!-- justATest -->
</testsuite> <!-- Galaxy J5 -->
